
     Program XSpectra v.7.3.1 starts on 28Mar2025 at  0:40:40 

     This program is part of the open-source Quantum ESPRESSO suite
     for quantum simulation of materials; please cite
         "P. Giannozzi et al., J. Phys.:Condens. Matter 21 395502 (2009);
         "P. Giannozzi et al., J. Phys.:Condens. Matter 29 465901 (2017);
         "P. Giannozzi et al., J. Chem. Phys. 152 154105 (2020);
          URL http://www.quantum-espresso.org", 
     in publications or presentations arising from this work. More details at
     http://www.quantum-espresso.org/quote

     Parallel version (MPI), running on     1 processors

     MPI processes distributed on     1 nodes
     4175 MiB available memory on the printing compute node when the environment starts
 

     -------------------------------------------------------------------------
                    __  ____                 _
                    \ \/ / _\_ __   ___  ___| |_ _ __ __ _
                     \  /\ \| '_ \ / _ \/ __| __| \__/ _\ |
                     /  \_\ \ |_) |  __/ (__| |_| | | (_| |
                    /_/\_\__/ .__/ \___|\___|\__|_|  \__,_|
                            |_|

     In publications arising from the use of XSpectra, please cite:
      - O. Bunau and M. Calandra,
        Phys. Rev. B 87, 205105 (2013)
      - Ch. Gougoussis, M. Calandra, A. P. Seitsonen, F. Mauri,
        Phys. Rev. B 80, 075102 (2009)
      - M. Taillefumier, D. Cabaret, A. M. Flank, and F. Mauri,
        Phys. Rev. B 66, 195107 (2002)

     -------------------------------------------------------------------------
                                Reading input_file
     -------------------------------------------------------------------------

     calculation: xanes_dipole

     xepsilon  [crystallographic coordinates]:   1.000000   0.000000   0.000000

     xonly_plot: FALSE
        => complete calculation: Lanczos + spectrum plot

     filecore (core-wavefunction file): aC.wfc              
 
     main plot parameters:
        cut_occ_states: FALSE
        gamma_mode:  constant
        -> using xgamma [eV]:  0.80
        xemin [eV]: -10.00
        xemax [eV]:  30.00
        xnepoint: 1000
        energy zero automatically set to the Fermi level

     Fermi level determined from SCF save directory (aC.save)
     NB: For an insulator (SCF calculated with occupations="fixed")
         the Fermi level will be placed at the position of HOMO.
 
     WARNING: variable ef_r is obsolete

     -------------------------------------------------------------------------
                      Reading SCF save directory: aC.save
     -------------------------------------------------------------------------


     Reading xml data from directory:

     /u/home/n/nbriana/qe-7.3.1/XSpectra/test/results/tmp/aC.save/

     IMPORTANT: XC functional enforced from input :
     Exchange-correlation= PBE
                           (   1   4   3   4   0   0   0)
     Any further DFT definition will be discarded
     Please, verify this is what you really want

 
     G-vector sticks info
     --------------------
     sticks:   dense  smooth     PW     G-vecs:    dense   smooth      PW
     Sum       10229   10229   2561               778439   778439   97521
 
     Using Slab Decomposition
 
     Reading collected, re-writing distributed wavefunctions

     -------------------------------------------------------------------------
                           Getting the Fermi energy 
     -------------------------------------------------------------------------

     From SCF save directory:
        ehomo [eV]:   -7.8503 (highest occupied level)
        No LUMO value in SCF calculation
        ef    [eV]:   -7.8503

     -> ef (in eV) will be written in x_save_file

     -------------------------------------------------------------------------
                           Energy zero of the spectrum 
     -------------------------------------------------------------------------

     -> ef will be used as energy zero of the spectrum
 
     G-vector sticks info
     --------------------
     sticks:   dense  smooth     PW     G-vecs:    dense   smooth      PW
     Sum       10229   10229   2561               778439   778439   97521
 
     Using Slab Decomposition
 


     bravais-lattice index     =            1
     lattice parameter (alat)  =      28.3459  a.u.
     unit-cell volume          =   22775.6289 (a.u.)^3
     number of atoms/cell      =           20
     number of atomic types    =            2
     number of electrons       =        80.00
     number of Kohn-Sham states=           40
     kinetic-energy cutoff     =      40.0000  Ry
     charge density cutoff     =     160.0000  Ry
     Exchange-correlation= PBE
                           (   1   4   3   4   0   0   0)

     celldm(1)=  28.345892  celldm(2)=   0.000000  celldm(3)=   0.000000
     celldm(4)=   0.000000  celldm(5)=   0.000000  celldm(6)=   0.000000

     crystal axes: (cart. coord. in units of alat)
               a(1) = (   1.000000   0.000000   0.000000 )  
               a(2) = (   0.000000   1.000000   0.000000 )  
               a(3) = (   0.000000   0.000000   1.000000 )  

     reciprocal axes: (cart. coord. in units 2 pi/alat)
               b(1) = (  1.000000  0.000000  0.000000 )  
               b(2) = (  0.000000  1.000000  0.000000 )  
               b(3) = (  0.000000  0.000000  1.000000 )  


     PseudoPot. # 1 for C  read from file:
     /u/home/n/nbriana/qe-7.3.1/XSpectra/test/pseudo/Ch_PBE_TM_2pj.UPF
     MD5 check sum: ef0cb3dee31bd9e4ba2a832a2c716264
     Pseudo is Norm-conserving, Zval =  5.0
     Generated by new atomic code, or converted to UPF format
     Using radial grid of 1073 points,  1 beta functions with: 
                l(1) =   0

     PseudoPot. # 2 for C  read from file:
     /u/home/n/nbriana/qe-7.3.1/XSpectra/test/pseudo/C_PBE_TM_2pj.UPF
     MD5 check sum: e8858615eb0a4b79f05373b4879fdf67
     Pseudo is Norm-conserving, Zval =  4.0
     Generated by new atomic code, or converted to UPF format
     Using radial grid of 1073 points,  1 beta functions with: 
                l(1) =   0

     atomic species   valence    mass     pseudopotential
     C_h               5.00    12.01100     C ( 1.00)
     C                 4.00    12.01100     C ( 1.00)

     No symmetry found



   Cartesian axes

     site n.     atom                  positions (alat units)
         1        C      tau(   1) = (   0.0156909   0.0701746   0.0479686  )
         2        C      tau(   2) = (   0.0242461   0.1503129   0.0798924  )
         3        C      tau(   3) = (   0.0459560   0.2197156   0.1212671  )
         4        C      tau(   4) = (   0.0379378  -0.0117593   0.0543789  )
         5        C      tau(   5) = (   0.0518574   0.1619205   0.3776840  )
         6        C      tau(   6) = (   0.1320754   0.3144944   0.2303134  )
         7        C      tau(   7) = (   0.1202822   0.2528212   0.1606116  )
         8        C      tau(   8) = (   0.1292617   0.1257274   0.3760598  )
         9        C      tau(   9) = (   0.2139510   0.0752980   0.1641980  )
        10        C      tau(  10) = (   0.2106548   0.2194783   0.1322070  )
        11        C      tau(  11) = (   0.2301142   0.1315358   0.0903849  )
        12        C      tau(  12) = (   0.2198798   0.3324249   0.2437391  )
        13        C      tau(  13) = (   0.2125692   0.0648491   0.2452808  )
        14        C      tau(  14) = (   0.2041761   0.1095050   0.3264509  )
        15        C      tau(  15) = (   0.2770182   0.1089055   0.0179022  )
        16        C      tau(  16) = (   0.2696718   0.3275966   0.1470264  )
        17        C      tau(  17) = (   0.2836810   0.2480794   0.1891343  )
        18        C_h    tau(  18) = (   0.2611248   0.2575947   0.2859946  )
        19        C      tau(  19) = (   0.2491721   0.1879666   0.3381037  )
        20        C      tau(  20) = (   0.3530823   0.0873927  -0.0127489  )

     number of k points=     1
                       cart. coord. in units 2pi/alat
        k(    1) = (   0.0000000   0.0000000   0.0000000), wk =   2.0000000

     Dense  grid:   389220 G-vectors     FFT dimensions: ( 120, 120, 120)

     Estimated max dynamical RAM per process >     460.96 MB

     The potential is recalculated from file :
     /u/home/n/nbriana/qe-7.3.1/XSpectra/test/results/tmp/aC.save/charge-density

     Starting wfcs are  160 atomic wfcs

     -------------------------------------------------------------------------
               Reading core wavefunction file for the absorbing atom
     -------------------------------------------------------------------------

     aC.wfc successfully read

     -------------------------------------------------------------------------
                              Attributing the PAW radii 
                     for the absorbing atom [units: Bohr radius]
     -------------------------------------------------------------------------

        PAW proj 1: r_paw(l= 0)= 2.25  (1.5*r_cut)
        PAW proj 2: r_paw(l= 0)= 2.25  (1.5*r_cut)
        PAW proj 3: r_paw(l= 1)= 2.25  (1.5*r_cut)
        PAW proj 4: r_paw(l= 1)= 2.25  (1.5*r_cut)
 
        NB: The calculation will not necessary use all these r_paw values.
            - For a edge in the electric-dipole approximation,
              only the r_paw(l=1) values are used.
            - For a K edge in the electric-quadrupole approximation,
              only the r_paw(l=2) values are used.

            - For a L2 or L3 edge in the electric-quadrupole approximation,

              all projectors (s, p and d) are used.


     -------------------------------------------------------------------------
                          Starting XANES calculation
                     in the electric dipole approximation
     -------------------------------------------------------------------------

     Method of calculation based on the Lanczos recursion algorithm
     --------------------------------------------------------------
        - STEP 1: Construction of a kpoint-dependent Lanczos basis,
          in which the Hamiltonian is tridiagonal (each 'iter' 
          corresponds to the calculation of one more Lanczos vector)
        - STEP 2: Calculation of the cross-section as a continued fraction
          averaged over the k-points.

     ... Begin STEP 1 ...

        Radial transition matrix element(s) used in the calculation of the
        initial vector of the Lanczos basis (|tilde{phi}_abs> normalized)
        | For PAW proj. (l=1) #1: radial matrix element =   0.210989855
        | For PAW proj. (l=1) #2: radial matrix element =   0.323003251
 
        |-------------------------------------------------------------
        ! k-point #     1:  ( 0.0000,  0.0000,  0.0000),  2.0000,   1
        |-------------------------------------------------------------
 okvan= F
        |   Norm of the initial Lanczos vector: 0.12771096E+00
        |   Estimated error at iter      5:   1.00039989
        |   Estimated error at iter     10:   2.17427683
        |   Estimated error at iter     15:   1.55705211
        |   Estimated error at iter     20:   1.26773775
        |   Estimated error at iter     25:   1.41208164
        |   Estimated error at iter     30:   1.19997425
        |   Estimated error at iter     35:   1.06122574
        |   Estimated error at iter     40:   0.98050391
        |   Estimated error at iter     45:   1.07720799
        |   Estimated error at iter     50:   0.83261121
        |   Estimated error at iter     55:   0.72635489
        |   Estimated error at iter     60:   0.62665333
        |   Estimated error at iter     65:   0.52934961
        |   Estimated error at iter     70:   0.59676151
        |   Estimated error at iter     75:   0.61031862
        |   Estimated error at iter     80:   0.54255461
        |   Estimated error at iter     85:   0.48481254
        |   Estimated error at iter     90:   0.50648934
        |   Estimated error at iter     95:   0.44642594
        |   Estimated error at iter    100:   0.35713389
        |   Estimated error at iter    105:   0.30735328
        |   Estimated error at iter    110:   0.30172300
        |   Estimated error at iter    115:   0.33804201
        |   Estimated error at iter    120:   0.41922536
        |   Estimated error at iter    125:   0.23208358
        |   Estimated error at iter    130:   0.31521705
        |   Estimated error at iter    135:   0.17515318
        |   Estimated error at iter    140:   0.18298305
        |   Estimated error at iter    145:   0.16079311
        |   Estimated error at iter    150:   0.18233049
        |   Estimated error at iter    155:   0.16946899
        |   Estimated error at iter    160:   0.16052564
        |   Estimated error at iter    165:   0.16776850
        |   Estimated error at iter    170:   0.17763322
        |   Estimated error at iter    175:   0.11398569
        |   Estimated error at iter    180:   0.08802354
        |   Estimated error at iter    185:   0.13365644
        |   Estimated error at iter    190:   0.13621008
        |   Estimated error at iter    195:   0.09179944
        |   Estimated error at iter    200:   0.10582840
        |   Estimated error at iter    205:   0.09001494
        |   Estimated error at iter    210:   0.06607640
        |   Estimated error at iter    215:   0.06284586
        |   Estimated error at iter    220:   0.08735111
        |   Estimated error at iter    225:   0.08295546
        |   Estimated error at iter    230:   0.07469117
        |   Estimated error at iter    235:   0.07301588
        |   Estimated error at iter    240:   0.04141589
        |   Estimated error at iter    245:   0.04915079
        |   Estimated error at iter    250:   0.05391503
        |   Estimated error at iter    255:   0.03588757
        |   Estimated error at iter    260:   0.05634233
        |   Estimated error at iter    265:   0.04152881
        |   Estimated error at iter    270:   0.05018835
        |   Estimated error at iter    275:   0.02414912
        |   Estimated error at iter    280:   0.03395105
        |   Estimated error at iter    285:   0.02925452
        |   Estimated error at iter    290:   0.03421295
        |   Estimated error at iter    295:   0.03991226
        |   Estimated error at iter    300:   0.02919387
        |   Estimated error at iter    305:   0.02123002
        |   Estimated error at iter    310:   0.02763750
        |   Estimated error at iter    315:   0.01767703
        |   Estimated error at iter    320:   0.02488259
        |   Estimated error at iter    325:   0.02813650
        |   Estimated error at iter    330:   0.01524670
        |   Estimated error at iter    335:   0.02180826
        |   Estimated error at iter    340:   0.01449325
        |   Estimated error at iter    345:   0.01845299
        |   Estimated error at iter    350:   0.01328014
        |   Estimated error at iter    355:   0.01357979
        !   => CONVERGED at iter    360 with error=  0.00894181

     Results of STEP 1 successfully written in x_save_file
     x_save_file name: 
     ->  aC.xspectra.sav                                                  
     x_save_file version:  2

     ... End STEP 1 ...

     ... Begin STEP 2 ...

     The spectrum is calculated using the following parameters:
        energy-zero of the spectrum [eV]:   -7.8503
        the occupied states are NOT eliminated from the spectrum
        xemin [eV]: -10.00
        xemax [eV]:  30.00
        xnepoint: 1000
        constant broadening parameter [eV]:    0.800
        Core level energy [eV]:  -284.2    
         (from electron binding energy of neutral atoms in X-ray data booklet)

     Cross-section successfully written in xanes.dat                                                                                                                                                                                                                                                       

     ... End STEP 2 ...

     xanes        :     23.48s CPU     24.16s WALL (       1 calls)

     -------------------------------------------------------------------------
                                END JOB XSpectra
     -------------------------------------------------------------------------

