
     Program XSpectra v.7.3.1 starts on 28Mar2025 at 12:16: 1 

     This program is part of the open-source Quantum ESPRESSO suite
     for quantum simulation of materials; please cite
         "P. Giannozzi et al., J. Phys.:Condens. Matter 21 395502 (2009);
         "P. Giannozzi et al., J. Phys.:Condens. Matter 29 465901 (2017);
         "P. Giannozzi et al., J. Chem. Phys. 152 154105 (2020);
          URL http://www.quantum-espresso.org", 
     in publications or presentations arising from this work. More details at
     http://www.quantum-espresso.org/quote

     Parallel version (MPI), running on     1 processors

     MPI processes distributed on     1 nodes
     3064 MiB available memory on the printing compute node when the environment starts
 

     -------------------------------------------------------------------------
                    __  ____                 _
                    \ \/ / _\_ __   ___  ___| |_ _ __ __ _
                     \  /\ \| '_ \ / _ \/ __| __| \__/ _\ |
                     /  \_\ \ |_) |  __/ (__| |_| | | (_| |
                    /_/\_\__/ .__/ \___|\___|\__|_|  \__,_|
                            |_|

     In publications arising from the use of XSpectra, please cite:
      - O. Bunau and M. Calandra,
        Phys. Rev. B 87, 205105 (2013)
      - Ch. Gougoussis, M. Calandra, A. P. Seitsonen, F. Mauri,
        Phys. Rev. B 80, 075102 (2009)
      - M. Taillefumier, D. Cabaret, A. M. Flank, and F. Mauri,
        Phys. Rev. B 66, 195107 (2002)

     -------------------------------------------------------------------------
                                Reading input_file
     -------------------------------------------------------------------------

     calculation: xanes_dipole

     xepsilon  [crystallographic coordinates]:   1.000000   0.000000   0.000000

     xonly_plot: FALSE
        => complete calculation: Lanczos + spectrum plot

     filecore (core-wavefunction file): aC1_10.wfc          
 
     main plot parameters:
        cut_occ_states: FALSE
        gamma_mode:  constant
        -> using xgamma [eV]:  1.00
        xemin [eV]: -10.00
        xemax [eV]:  30.00
        xnepoint: 1000
        energy zero automatically set to the Fermi level

     Fermi level determined from SCF save directory (aC1_10.save)
     NB: For an insulator (SCF calculated with occupations="fixed")
         the Fermi level will be placed at the position of HOMO.
 
     WARNING: variable ef_r is obsolete

     -------------------------------------------------------------------------
                      Reading SCF save directory: aC1_10.save
     -------------------------------------------------------------------------


     Reading xml data from directory:

     /u/home/n/nbriana/qe-7.3.1/XSpectra/test/results/tmp/aC1_10.save/

     IMPORTANT: XC functional enforced from input :
     Exchange-correlation= PBE
                           (   1   4   3   4   0   0   0)
     Any further DFT definition will be discarded
     Please, verify this is what you really want

 
     G-vector sticks info
     --------------------
     sticks:   dense  smooth     PW     G-vecs:    dense   smooth      PW
     Sum        4597    4597   1153               234489   234489   29423
 
     Using Slab Decomposition
 
     Reading collected, re-writing distributed wavefunctions

     -------------------------------------------------------------------------
                           Getting the Fermi energy 
     -------------------------------------------------------------------------

     From SCF save directory:
        ehomo [eV]:   -6.8358 (highest occupied level)
        No LUMO value in SCF calculation
        ef    [eV]:   -6.8358

     -> ef (in eV) will be written in x_save_file

     -------------------------------------------------------------------------
                           Energy zero of the spectrum 
     -------------------------------------------------------------------------

     -> ef will be used as energy zero of the spectrum
 
     G-vector sticks info
     --------------------
     sticks:   dense  smooth     PW     G-vecs:    dense   smooth      PW
     Sum        4597    4597   1153               234489   234489   29423
 
     Using Slab Decomposition
 


     bravais-lattice index     =            1
     lattice parameter (alat)  =      26.8830  a.u.
     unit-cell volume          =   19428.2717 (a.u.)^3
     number of atoms/cell      =           10
     number of atomic types    =            2
     number of electrons       =        40.00
     number of Kohn-Sham states=           20
     kinetic-energy cutoff     =      20.0000  Ry
     charge density cutoff     =      80.0000  Ry
     Exchange-correlation= PBE
                           (   1   4   3   4   0   0   0)

     celldm(1)=  26.883020  celldm(2)=   0.000000  celldm(3)=   0.000000
     celldm(4)=   0.000000  celldm(5)=   0.000000  celldm(6)=   0.000000

     crystal axes: (cart. coord. in units of alat)
               a(1) = (   1.000000   0.000000   0.000000 )  
               a(2) = (   0.000000   1.000000   0.000000 )  
               a(3) = (   0.000000   0.000000   1.000000 )  

     reciprocal axes: (cart. coord. in units 2 pi/alat)
               b(1) = (  1.000000  0.000000  0.000000 )  
               b(2) = (  0.000000  1.000000  0.000000 )  
               b(3) = (  0.000000  0.000000  1.000000 )  


     PseudoPot. # 1 for C  read from file:
     /u/home/n/nbriana/qe-7.3.1/XSpectra/test/pseudo/C_PBE_TM_2pj.UPF
     MD5 check sum: e8858615eb0a4b79f05373b4879fdf67
     Pseudo is Norm-conserving, Zval =  4.0
     Generated by new atomic code, or converted to UPF format
     Using radial grid of 1073 points,  1 beta functions with: 
                l(1) =   0

     PseudoPot. # 2 for C  read from file:
     /u/home/n/nbriana/qe-7.3.1/XSpectra/test/pseudo/Ch_PBE_TM_2pj.UPF
     MD5 check sum: ef0cb3dee31bd9e4ba2a832a2c716264
     Pseudo is Norm-conserving, Zval =  5.0
     Generated by new atomic code, or converted to UPF format
     Using radial grid of 1073 points,  1 beta functions with: 
                l(1) =   0

     atomic species   valence    mass     pseudopotential
     C                 4.00    12.01100     C ( 1.00)
     C_h               5.00    12.01100     C ( 1.00)

     No symmetry found



   Cartesian axes

     site n.     atom                  positions (alat units)
         1        C_h    tau(   1) = (   0.8671760   0.3615880   0.0210090  )
         2        C      tau(   2) = (   0.1284970   0.1227580   0.0370101  )
         3        C      tau(   3) = (   0.4508770   0.0371453   0.1209620  )
         4        C      tau(   4) = (   0.0975555   0.1747870   0.1118520  )
         5        C      tau(   5) = (   0.0017674   0.1574700   0.1389100  )
         6        C      tau(   6) = (   0.3874260   0.0854215   0.3324200  )
         7        C      tau(   7) = (   0.3689710   0.1839710   0.3111710  )
         8        C      tau(   8) = (   0.4939480   0.0904083   0.3384770  )
         9        C      tau(   9) = (   0.3307420   0.0038386   0.3581570  )
        10        C      tau(  10) = (   0.4735560   0.0020897   0.4829910  )

     number of k points=     1
                       cart. coord. in units 2pi/alat
        k(    1) = (   0.0000000   0.0000000   0.0000000), wk =   2.0000000

     Dense  grid:   117245 G-vectors     FFT dimensions: (  80,  80,  80)

     Estimated max dynamical RAM per process >      95.88 MB

     The potential is recalculated from file :
     /u/home/n/nbriana/qe-7.3.1/XSpectra/test/results/tmp/aC1_10.save/charge-density

     Starting wfcs are   80 atomic wfcs

     -------------------------------------------------------------------------
               Reading core wavefunction file for the absorbing atom
     -------------------------------------------------------------------------

     aC1_10.wfc successfully read

     -------------------------------------------------------------------------
                              Attributing the PAW radii 
                     for the absorbing atom [units: Bohr radius]
     -------------------------------------------------------------------------

        PAW proj 1: r_paw(l= 0)= 2.25  (1.5*r_cut)
        PAW proj 2: r_paw(l= 0)= 2.25  (1.5*r_cut)
        PAW proj 3: r_paw(l= 1)= 2.25  (1.5*r_cut)
        PAW proj 4: r_paw(l= 1)= 2.25  (1.5*r_cut)
 
        NB: The calculation will not necessary use all these r_paw values.
            - For a edge in the electric-dipole approximation,
              only the r_paw(l=1) values are used.
            - For a K edge in the electric-quadrupole approximation,
              only the r_paw(l=2) values are used.

            - For a L2 or L3 edge in the electric-quadrupole approximation,

              all projectors (s, p and d) are used.


     -------------------------------------------------------------------------
                          Starting XANES calculation
                     in the electric dipole approximation
     -------------------------------------------------------------------------

     Method of calculation based on the Lanczos recursion algorithm
     --------------------------------------------------------------
        - STEP 1: Construction of a kpoint-dependent Lanczos basis,
          in which the Hamiltonian is tridiagonal (each 'iter' 
          corresponds to the calculation of one more Lanczos vector)
        - STEP 2: Calculation of the cross-section as a continued fraction
          averaged over the k-points.

     ... Begin STEP 1 ...

        Radial transition matrix element(s) used in the calculation of the
        initial vector of the Lanczos basis (|tilde{phi}_abs> normalized)
        | For PAW proj. (l=1) #1: radial matrix element =   0.210989855
        | For PAW proj. (l=1) #2: radial matrix element =   0.323003251
 
        |-------------------------------------------------------------
        ! k-point #     1:  ( 0.0000,  0.0000,  0.0000),  2.0000,   1
        |-------------------------------------------------------------
 okvan= F
        |   Norm of the initial Lanczos vector: 0.12635303E+00
        |   Estimated error at iter      5:   1.00286654
        |   Estimated error at iter     10:   2.24890351
        |   Estimated error at iter     15:   1.31654056
        |   Estimated error at iter     20:   1.27050522
        |   Estimated error at iter     25:   1.20641986
        |   Estimated error at iter     30:   0.84982095
        |   Estimated error at iter     35:   1.08101727
        |   Estimated error at iter     40:   0.70818868
        |   Estimated error at iter     45:   0.85363213
        |   Estimated error at iter     50:   0.79504886
        |   Estimated error at iter     55:   0.55648151
        |   Estimated error at iter     60:   0.42054036
        |   Estimated error at iter     65:   0.61983655
        |   Estimated error at iter     70:   0.55716150
        |   Estimated error at iter     75:   0.40021476
        |   Estimated error at iter     80:   0.45112947
        |   Estimated error at iter     85:   0.34335320
        |   Estimated error at iter     90:   0.25728127
        |   Estimated error at iter     95:   0.36362068
        |   Estimated error at iter    100:   0.32716440
        |   Estimated error at iter    105:   0.28213269
        |   Estimated error at iter    110:   0.27781020
        |   Estimated error at iter    115:   0.22976626
        |   Estimated error at iter    120:   0.23808910
        |   Estimated error at iter    125:   0.19423618
        |   Estimated error at iter    130:   0.20009463
        |   Estimated error at iter    135:   0.17463837
        |   Estimated error at iter    140:   0.12669587
        |   Estimated error at iter    145:   0.14806802
        |   Estimated error at iter    150:   0.13406343
        |   Estimated error at iter    155:   0.13037350
        |   Estimated error at iter    160:   0.12142982
        |   Estimated error at iter    165:   0.06487697
        |   Estimated error at iter    170:   0.09237308
        |   Estimated error at iter    175:   0.08030671
        |   Estimated error at iter    180:   0.08043846
        |   Estimated error at iter    185:   0.08184389
        |   Estimated error at iter    190:   0.06946742
        |   Estimated error at iter    195:   0.06251303
        |   Estimated error at iter    200:   0.03789695
        |   Estimated error at iter    205:   0.05537917
        |   Estimated error at iter    210:   0.05121826
        |   Estimated error at iter    215:   0.04977210
        |   Estimated error at iter    220:   0.04431235
        |   Estimated error at iter    225:   0.02904051
        |   Estimated error at iter    230:   0.03686243
        |   Estimated error at iter    235:   0.03478279
        |   Estimated error at iter    240:   0.03180800
        |   Estimated error at iter    245:   0.02355726
        |   Estimated error at iter    250:   0.02536016
        |   Estimated error at iter    255:   0.02483818
        |   Estimated error at iter    260:   0.02265323
        |   Estimated error at iter    265:   0.02138255
        |   Estimated error at iter    270:   0.01637153
        |   Estimated error at iter    275:   0.01814876
        |   Estimated error at iter    280:   0.01475085
        |   Estimated error at iter    285:   0.01437908
        |   Estimated error at iter    290:   0.01424088
        |   Estimated error at iter    295:   0.01158436
        |   Estimated error at iter    300:   0.01210635
        |   Estimated error at iter    305:   0.01066617
        |   Estimated error at iter    310:   0.01013999
        !   => CONVERGED at iter    315 with error=  0.00766335

     Results of STEP 1 successfully written in x_save_file
     x_save_file name: 
     ->  aC1_10.sav                                                       
     x_save_file version:  2

     ... End STEP 1 ...

     ... Begin STEP 2 ...

     The spectrum is calculated using the following parameters:
        energy-zero of the spectrum [eV]:   -6.8358
        the occupied states are NOT eliminated from the spectrum
        xemin [eV]: -10.00
        xemax [eV]:  30.00
        xnepoint: 1000
        constant broadening parameter [eV]:    1.000
        Core level energy [eV]:  -284.2    
         (from electron binding energy of neutral atoms in X-ray data booklet)

     Cross-section successfully written in xanes.dat                                                                                                                                                                                                                                                       

     ... End STEP 2 ...

     xanes        :      5.12s CPU      5.40s WALL (       1 calls)

     -------------------------------------------------------------------------
                                END JOB XSpectra
     -------------------------------------------------------------------------

