
     Program XSpectra v.7.3.1 starts on 28Mar2025 at 12:41:13 

     This program is part of the open-source Quantum ESPRESSO suite
     for quantum simulation of materials; please cite
         "P. Giannozzi et al., J. Phys.:Condens. Matter 21 395502 (2009);
         "P. Giannozzi et al., J. Phys.:Condens. Matter 29 465901 (2017);
         "P. Giannozzi et al., J. Chem. Phys. 152 154105 (2020);
          URL http://www.quantum-espresso.org", 
     in publications or presentations arising from this work. More details at
     http://www.quantum-espresso.org/quote

     Parallel version (MPI), running on     1 processors

     MPI processes distributed on     1 nodes
     16310 MiB available memory on the printing compute node when the environment starts
 

     -------------------------------------------------------------------------
                    __  ____                 _
                    \ \/ / _\_ __   ___  ___| |_ _ __ __ _
                     \  /\ \| '_ \ / _ \/ __| __| \__/ _\ |
                     /  \_\ \ |_) |  __/ (__| |_| | | (_| |
                    /_/\_\__/ .__/ \___|\___|\__|_|  \__,_|
                            |_|

     In publications arising from the use of XSpectra, please cite:
      - O. Bunau and M. Calandra,
        Phys. Rev. B 87, 205105 (2013)
      - Ch. Gougoussis, M. Calandra, A. P. Seitsonen, F. Mauri,
        Phys. Rev. B 80, 075102 (2009)
      - M. Taillefumier, D. Cabaret, A. M. Flank, and F. Mauri,
        Phys. Rev. B 66, 195107 (2002)

     -------------------------------------------------------------------------
                                Reading input_file
     -------------------------------------------------------------------------

     calculation: xanes_dipole

     xepsilon  [crystallographic coordinates]:   1.000000   0.000000   0.000000

     xonly_plot: FALSE
        => complete calculation: Lanczos + spectrum plot

     filecore (core-wavefunction file): aC1_100.wfc         
 
     main plot parameters:
        cut_occ_states: FALSE
        gamma_mode:  constant
        -> using xgamma [eV]:  1.00
        xemin [eV]: -10.00
        xemax [eV]:  30.00
        xnepoint: 1000
        energy zero automatically set to the Fermi level

     Fermi level determined from SCF save directory (aC1_100.save)
     NB: For an insulator (SCF calculated with occupations="fixed")
         the Fermi level will be placed at the position of HOMO.
 
     WARNING: variable ef_r is obsolete

     -------------------------------------------------------------------------
                      Reading SCF save directory: aC1_100.save
     -------------------------------------------------------------------------


     Reading xml data from directory:

     /u/home/n/nbriana/qe-7.3.1/XSpectra/test/results/tmp/aC1_100.save/

     IMPORTANT: XC functional enforced from input :
     Exchange-correlation= PBE
                           (   1   4   3   4   0   0   0)
     Any further DFT definition will be discarded
     Please, verify this is what you really want

 
     G-vector sticks info
     --------------------
     sticks:   dense  smooth     PW     G-vecs:    dense   smooth      PW
     Sum        4597    4597   1153               234489   234489   29423
 
     Using Slab Decomposition
 
     Reading collected, re-writing distributed wavefunctions

     -------------------------------------------------------------------------
                           Getting the Fermi energy 
     -------------------------------------------------------------------------

     From SCF save directory:
        ehomo [eV]:   -1.9761 (highest occupied level)
        No LUMO value in SCF calculation
        ef    [eV]:   -1.9761

     -> ef (in eV) will be written in x_save_file

     -------------------------------------------------------------------------
                           Energy zero of the spectrum 
     -------------------------------------------------------------------------

     -> ef will be used as energy zero of the spectrum
 
     G-vector sticks info
     --------------------
     sticks:   dense  smooth     PW     G-vecs:    dense   smooth      PW
     Sum        4597    4597   1153               234489   234489   29423
 
     Using Slab Decomposition
 


     bravais-lattice index     =            1
     lattice parameter (alat)  =      26.8830  a.u.
     unit-cell volume          =   19428.2717 (a.u.)^3
     number of atoms/cell      =          100
     number of atomic types    =            2
     number of electrons       =       400.00
     number of Kohn-Sham states=          200
     kinetic-energy cutoff     =      20.0000  Ry
     charge density cutoff     =      80.0000  Ry
     Exchange-correlation= PBE
                           (   1   4   3   4   0   0   0)

     celldm(1)=  26.883020  celldm(2)=   0.000000  celldm(3)=   0.000000
     celldm(4)=   0.000000  celldm(5)=   0.000000  celldm(6)=   0.000000

     crystal axes: (cart. coord. in units of alat)
               a(1) = (   1.000000   0.000000   0.000000 )  
               a(2) = (   0.000000   1.000000   0.000000 )  
               a(3) = (   0.000000   0.000000   1.000000 )  

     reciprocal axes: (cart. coord. in units 2 pi/alat)
               b(1) = (  1.000000  0.000000  0.000000 )  
               b(2) = (  0.000000  1.000000  0.000000 )  
               b(3) = (  0.000000  0.000000  1.000000 )  


     PseudoPot. # 1 for C  read from file:
     /u/home/n/nbriana/qe-7.3.1/XSpectra/test/pseudo/C_PBE_TM_2pj.UPF
     MD5 check sum: e8858615eb0a4b79f05373b4879fdf67
     Pseudo is Norm-conserving, Zval =  4.0
     Generated by new atomic code, or converted to UPF format
     Using radial grid of 1073 points,  1 beta functions with: 
                l(1) =   0

     PseudoPot. # 2 for C  read from file:
     /u/home/n/nbriana/qe-7.3.1/XSpectra/test/pseudo/Ch_PBE_TM_2pj.UPF
     MD5 check sum: ef0cb3dee31bd9e4ba2a832a2c716264
     Pseudo is Norm-conserving, Zval =  5.0
     Generated by new atomic code, or converted to UPF format
     Using radial grid of 1073 points,  1 beta functions with: 
                l(1) =   0

     atomic species   valence    mass     pseudopotential
     C                 4.00    12.01100     C ( 1.00)
     C_h               5.00    12.01100     C ( 1.00)

     No symmetry found



   Cartesian axes

     site n.     atom                  positions (alat units)
         1        C_h    tau(   1) = (   0.8671760   0.3615880   0.0210090  )
         2        C      tau(   2) = (   0.1284970   0.1227580   0.0370101  )
         3        C      tau(   3) = (   0.4508770   0.0371453   0.1209620  )
         4        C      tau(   4) = (   0.0975555   0.1747870   0.1118520  )
         5        C      tau(   5) = (   0.0017674   0.1574700   0.1389100  )
         6        C      tau(   6) = (   0.3874260   0.0854215   0.3324200  )
         7        C      tau(   7) = (   0.3689710   0.1839710   0.3111710  )
         8        C      tau(   8) = (   0.4939480   0.0904083   0.3384770  )
         9        C      tau(   9) = (   0.3307420   0.0038386   0.3581570  )
        10        C      tau(  10) = (   0.4735560   0.0020897   0.4829910  )
        11        C      tau(  11) = (   0.4487030   0.2315380   0.2766460  )
        12        C      tau(  12) = (   0.4423150   0.1655240   0.5499850  )
        13        C      tau(  13) = (   0.3262140   0.0430914   0.5735130  )
        14        C      tau(  14) = (   0.4195000   0.0742134   0.5357820  )
        15        C      tau(  15) = (   0.2644930   0.2044660   0.6013540  )
        16        C      tau(  16) = (   0.2604350   0.1055660   0.6160720  )
        17        C      tau(  17) = (   0.1705700   0.0704748   0.6151020  )
        18        C      tau(  18) = (   0.0994030   0.0211593   0.5761100  )
        19        C      tau(  19) = (   0.0197571   0.1705210   0.7319390  )
        20        C      tau(  20) = (   0.0037840   0.0599144   0.5902450  )
        21        C      tau(  21) = (   0.4591360   0.2491690   0.5859160  )
        22        C      tau(  22) = (   0.0214509   0.2457430   0.6632460  )
        23        C      tau(  23) = (   0.1011330   0.0809704   0.9632910  )
        24        C      tau(  24) = (   0.3844250   0.1717230   0.8714540  )
        25        C      tau(  25) = (   0.0375692   0.0804980   0.8848970  )
        26        C      tau(  26) = (   0.3719710   0.0863349   0.8899420  )
        27        C      tau(  27) = (   0.1314830   0.2144900   0.8461840  )
        28        C      tau(  28) = (   0.0547407   0.1542190   0.8224970  )
        29        C      tau(  29) = (   0.3499710   0.9968596   0.8623990  )
        30        C      tau(  30) = (   0.2179220   0.3083220   0.1659300  )
        31        C      tau(  31) = (   0.0516516   0.4979990   0.1769770  )
        32        C      tau(  32) = (   0.3195510   0.4132900   0.0581899  )
        33        C      tau(  33) = (   0.0419628   0.3094710   0.1888950  )
        34        C      tau(  34) = (   0.0161110   0.4064160   0.2184130  )
        35        C      tau(  35) = (   0.2744690   0.3546640   0.1079620  )
        36        C      tau(  36) = (   0.1230070   0.2669800   0.1535640  )
        37        C      tau(  37) = (   0.2859270   0.2462390   0.3335680  )
        38        C      tau(  38) = (   0.2461940   0.3248830   0.2730550  )
        39        C      tau(  39) = (   0.2144040   0.4120960   0.2949760  )
        40        C      tau(  40) = (   0.2539570   0.2386110   0.4204440  )
        41        C      tau(  41) = (   0.1592450   0.4627030   0.6448850  )
        42        C      tau(  42) = (   0.2357910   0.3002150   0.5978550  )
        43        C      tau(  43) = (   0.4591940   0.2781630   0.6680620  )
        44        C      tau(  44) = (   0.2331850   0.3872940   0.6524450  )
        45        C      tau(  45) = (   0.0370320   0.3363680   0.6474110  )
        46        C      tau(  46) = (   0.0685225   0.4244060   0.6675590  )
        47        C      tau(  47) = (   0.2739460   0.3613790   0.7321300  )
        48        C      tau(  48) = (   0.2383640   0.2535970   0.5102720  )
        49        C      tau(  49) = (   0.2895320   0.2996500   0.8038430  )
        50        C      tau(  50) = (   0.4632640   0.2879750   0.7664300  )
        51        C      tau(  51) = (   0.3634070   0.4851100   0.0166600  )
        52        C      tau(  52) = (   0.3845360   0.2561270   0.8229900  )
        53        C      tau(  53) = (   0.2066290   0.2591650   0.8419230  )
        54        C      tau(  54) = (   0.0010577   0.5020440   0.8205660  )
        55        C      tau(  55) = (   0.1147320   0.5493210   0.2394180  )
        56        C      tau(  56) = (   0.3793700   0.6980940   0.2312820  )
        57        C      tau(  57) = (   0.0615108   0.6442040   0.1151800  )
        58        C      tau(  58) = (   0.1171170   0.6442510   0.2092590  )
        59        C      tau(  59) = (   0.0311639   0.7217240   0.0614871  )
        60        C      tau(  60) = (   0.0340276   0.5455200   0.0925096  )
        61        C      tau(  61) = (   0.3751150   0.7459040   0.1431500  )
        62        C      tau(  62) = (   0.3069370   0.7489380   0.0652309  )
        63        C      tau(  63) = (   0.3824800   0.5657840   0.4633200  )
        64        C      tau(  64) = (   0.3271810   0.6590680   0.3069910  )
        65        C      tau(  65) = (   0.1492680   0.7100470   0.2802300  )
        66        C      tau(  66) = (   0.3888550   0.5960180   0.3670180  )
        67        C      tau(  67) = (   0.4733630   0.6007130   0.3171580  )
        68        C      tau(  68) = (   0.2397700   0.7084050   0.3273120  )
        69        C      tau(  69) = (   0.4703930   0.6912630   0.2713800  )
        70        C      tau(  70) = (   0.1734650   0.4910170   0.3029090  )
        71        C      tau(  71) = (   0.0933699   0.6101770   0.6056450  )
        72        C      tau(  72) = (   0.3496040   0.5717670   0.6483270  )
        73        C      tau(  73) = (   0.3666090   0.5581180   0.5527070  )
        74        C      tau(  74) = (   0.2785770   0.6788420   0.7446590  )
        75        C      tau(  75) = (   0.1736630   0.5600580   0.6447390  )
        76        C      tau(  76) = (   0.2589780   0.6123690   0.6767120  )
        77        C      tau(  77) = (   0.0209078   0.6691050   0.6122640  )
        78        C      tau(  78) = (   0.3967100   0.5665680   0.7377960  )
        79        C      tau(  79) = (   0.0269337   0.6141150   0.5266390  )
        80        C      tau(  80) = (   0.0633711   0.6385600   0.8941550  )
        81        C      tau(  81) = (   0.3538140   0.6402010   0.9133890  )
        82        C      tau(  82) = (   0.1105240   0.7052410   0.8629720  )
        83        C      tau(  83) = (   0.3710500   0.5588860   0.9651100  )
        84        C      tau(  84) = (   0.3527900   0.6273520   0.8049550  )
        85        C      tau(  85) = (   0.3114460   0.7161970   0.9652890  )
        86        C      tau(  86) = (   0.0202744   0.5456570   0.9048910  )
        87        C      tau(  87) = (   0.2107200   0.9045950   0.0887457  )
        88        C      tau(  88) = (   0.2948180   0.9562980   0.0982545  )
        89        C      tau(  89) = (   0.4639310   0.7965530   0.1133710  )
        90        C      tau(  90) = (   0.0447718   0.9433250   0.1781030  )
        91        C      tau(  91) = (   0.1423620   0.9385200   0.1672260  )
        92        C      tau(  92) = (   0.2356060   0.8222370   0.0399855  )
        93        C      tau(  93) = (   0.1942520   0.9732970   0.2395150  )
        94        C      tau(  94) = (   0.3674820   0.0055200   0.1080620  )
        95        C      tau(  95) = (   0.4945790   0.8209590   0.0250994  )
        96        C      tau(  96) = (   0.0551177   0.8649300   0.3453070  )
        97        C      tau(  97) = (   0.1263200   0.7968440   0.3355750  )
        98        C      tau(  98) = (   0.2686280   0.8579610   0.4351780  )
        99        C      tau(  99) = (   0.2225050   0.7932040   0.3766320  )
       100        C      tau( 100) = (   0.3516480   0.9234360   0.4196720  )

     number of k points=     1
                       cart. coord. in units 2pi/alat
        k(    1) = (   0.0000000   0.0000000   0.0000000), wk =   2.0000000

     Dense  grid:   117245 G-vectors     FFT dimensions: (  80,  80,  80)

     Estimated max dynamical RAM per process >     493.22 MB

     The potential is recalculated from file :
     /u/home/n/nbriana/qe-7.3.1/XSpectra/test/results/tmp/aC1_100.save/charge-density

     Starting wfcs are  800 atomic wfcs

     -------------------------------------------------------------------------
               Reading core wavefunction file for the absorbing atom
     -------------------------------------------------------------------------

     aC1_100.wfc successfully read

     -------------------------------------------------------------------------
                              Attributing the PAW radii 
                     for the absorbing atom [units: Bohr radius]
     -------------------------------------------------------------------------

        PAW proj 1: r_paw(l= 0)= 2.25  (1.5*r_cut)
        PAW proj 2: r_paw(l= 0)= 2.25  (1.5*r_cut)
        PAW proj 3: r_paw(l= 1)= 2.25  (1.5*r_cut)
        PAW proj 4: r_paw(l= 1)= 2.25  (1.5*r_cut)
 
        NB: The calculation will not necessary use all these r_paw values.
            - For a edge in the electric-dipole approximation,
              only the r_paw(l=1) values are used.
            - For a K edge in the electric-quadrupole approximation,
              only the r_paw(l=2) values are used.

            - For a L2 or L3 edge in the electric-quadrupole approximation,

              all projectors (s, p and d) are used.


     -------------------------------------------------------------------------
                          Starting XANES calculation
                     in the electric dipole approximation
     -------------------------------------------------------------------------

     Method of calculation based on the Lanczos recursion algorithm
     --------------------------------------------------------------
        - STEP 1: Construction of a kpoint-dependent Lanczos basis,
          in which the Hamiltonian is tridiagonal (each 'iter' 
          corresponds to the calculation of one more Lanczos vector)
        - STEP 2: Calculation of the cross-section as a continued fraction
          averaged over the k-points.

     ... Begin STEP 1 ...

        Radial transition matrix element(s) used in the calculation of the
        initial vector of the Lanczos basis (|tilde{phi}_abs> normalized)
        | For PAW proj. (l=1) #1: radial matrix element =   0.210989855
        | For PAW proj. (l=1) #2: radial matrix element =   0.323003251
 
        |-------------------------------------------------------------
        ! k-point #     1:  ( 0.0000,  0.0000,  0.0000),  2.0000,   1
        |-------------------------------------------------------------
 okvan= F
        |   Norm of the initial Lanczos vector: 0.12635303E+00
        |   Estimated error at iter      5:   1.00290487
        |   Estimated error at iter     10:   2.00079081
        |   Estimated error at iter     15:   0.99040811
        |   Estimated error at iter     20:   1.17172521
        |   Estimated error at iter     25:   0.89274867
        |   Estimated error at iter     30:   1.14159404
        |   Estimated error at iter     35:   1.04548391
        |   Estimated error at iter     40:   0.78530650
        |   Estimated error at iter     45:   0.76914845
        |   Estimated error at iter     50:   0.89974154
        |   Estimated error at iter     55:   0.65483882
        |   Estimated error at iter     60:   0.60928854
        |   Estimated error at iter     65:   0.56451092
        |   Estimated error at iter     70:   0.59909032
        |   Estimated error at iter     75:   0.47936100
        |   Estimated error at iter     80:   0.38049977
        |   Estimated error at iter     85:   0.47807947
        |   Estimated error at iter     90:   0.42131021
        |   Estimated error at iter     95:   0.36984547
        |   Estimated error at iter    100:   0.36977529
        |   Estimated error at iter    105:   0.31936725
        |   Estimated error at iter    110:   0.29217882
        |   Estimated error at iter    115:   0.26354752
        |   Estimated error at iter    120:   0.27642717
        |   Estimated error at iter    125:   0.17663674
        |   Estimated error at iter    130:   0.21054904
        |   Estimated error at iter    135:   0.20351076
        |   Estimated error at iter    140:   0.19248109
        |   Estimated error at iter    145:   0.15092554
        |   Estimated error at iter    150:   0.15475852
        |   Estimated error at iter    155:   0.13485532
        |   Estimated error at iter    160:   0.12629265
        |   Estimated error at iter    165:   0.11873623
        |   Estimated error at iter    170:   0.11012659
        |   Estimated error at iter    175:   0.10711102
        |   Estimated error at iter    180:   0.09364931
        |   Estimated error at iter    185:   0.08539827
        |   Estimated error at iter    190:   0.07967215
        |   Estimated error at iter    195:   0.07536837
        |   Estimated error at iter    200:   0.07103930
        |   Estimated error at iter    205:   0.06009769
        |   Estimated error at iter    210:   0.05948042
        |   Estimated error at iter    215:   0.04987327
        |   Estimated error at iter    220:   0.05000997
        |   Estimated error at iter    225:   0.04616519
        |   Estimated error at iter    230:   0.04270386
        |   Estimated error at iter    235:   0.03755340
        |   Estimated error at iter    240:   0.03797135
        |   Estimated error at iter    245:   0.03559676
        |   Estimated error at iter    250:   0.02984141
        |   Estimated error at iter    255:   0.02844790
        |   Estimated error at iter    260:   0.02740465
        |   Estimated error at iter    265:   0.02321974
        |   Estimated error at iter    270:   0.02329679
        |   Estimated error at iter    275:   0.02151934
        |   Estimated error at iter    280:   0.01957285
        |   Estimated error at iter    285:   0.01817841
        |   Estimated error at iter    290:   0.01706639
        |   Estimated error at iter    295:   0.01550198
        |   Estimated error at iter    300:   0.01141042
        |   Estimated error at iter    305:   0.01324838
        |   Estimated error at iter    310:   0.01190673
        |   Estimated error at iter    315:   0.01106658
        |   Estimated error at iter    320:   0.01021207
        !   => CONVERGED at iter    325 with error=  0.00997919

     Results of STEP 1 successfully written in x_save_file
     x_save_file name: 
     ->  aC1_100.sav                                                      
     x_save_file version:  2

     ... End STEP 1 ...

     ... Begin STEP 2 ...

     The spectrum is calculated using the following parameters:
        energy-zero of the spectrum [eV]:   -1.9761
        the occupied states are NOT eliminated from the spectrum
        xemin [eV]: -10.00
        xemax [eV]:  30.00
        xnepoint: 1000
        constant broadening parameter [eV]:    1.000
        Core level energy [eV]:  -284.2    
         (from electron binding energy of neutral atoms in X-ray data booklet)

     Cross-section successfully written in xanes.dat                                                                                                                                                                                                                                                       

     ... End STEP 2 ...

     xanes        :      6.70s CPU      7.03s WALL (       1 calls)

     -------------------------------------------------------------------------
                                END JOB XSpectra
     -------------------------------------------------------------------------

